<?xml version='1.0' encoding='UTF-8'?>
<testsuite hostname="saad-HP-ProBook-450-G3" name="DataPathPipeline.Top_Test" tests="1" errors="0" failures="0" skipped="0" time="6.772" timestamp="2023-12-05T21:59:46">
                     <properties>
[...]
</properties>
                     <testcase classname="DataPathPipeline.Top_Test" name="Top Test Pipeline" time="6.772">
                                                 
                                               </testcase>
                     <system-out><![CDATA[]]></system-out>
                     <system-err><![CDATA[]]></system-err>
                   </testsuite>